<?xml version="1.0" encoding="UTF-8"?>
<!-- Generated by org.testng.reporters.JUnitReportReporter -->
<testsuite skipped="0" hostname="DESKTOP-KBNBBMI" name="practice.SingleSelectFromWebtable" tests="1" failures="0" timestamp="2021-09-07T22:42:54 IST" time="27.547" errors="0">
  <testcase name="handlingDynamicWebtable" time="27.547" classname="practice.SingleSelectFromWebtable"/>
  <system-out/>
</testsuite> <!-- practice.SingleSelectFromWebtable -->
