<?xml version="1.0" encoding="UTF-8"?>
<!-- Generated by org.testng.reporters.JUnitReportReporter -->
<testsuite skipped="0" hostname="DESKTOP-KBNBBMI" name="practice.DynamicWebTable" tests="1" failures="0" timestamp="2021-09-07T22:36:49 IST" time="50.772" errors="0">
  <testcase name="handlingDynamicWebtable" time="50.772" classname="practice.DynamicWebTable"/>
  <system-out/>
</testsuite> <!-- practice.DynamicWebTable -->
