<?xml version="1.0" encoding="UTF-8"?>
<!-- Generated by org.testng.reporters.JUnitReportReporter -->
<testsuite skipped="0" hostname="DESKTOP-KBNBBMI" name="com.crm.VtigerTestCases.TC_42_SearchLeadByClickingOnWebsite" tests="1" failures="0" timestamp="2021-09-17T12:16:20 IST" time="23.426" errors="0">
  <testcase name="LeadByClickingOnwebsiteTest" time="23.426" classname="com.crm.VtigerTestCases.TC_42_SearchLeadByClickingOnWebsite"/>
  <system-out/>
</testsuite> <!-- com.crm.VtigerTestCases.TC_42_SearchLeadByClickingOnWebsite -->
