<?xml version="1.0" encoding="UTF-8"?>
<!-- Generated by org.testng.reporters.JUnitReportReporter -->
<testsuite skipped="0" hostname="DESKTOP-KBNBBMI" name="com.Comcast.Contact.ContactTest" tests="3" failures="0" timestamp="2021-09-21T17:22:48 IST" time="0.013" errors="0">
  <testcase name="deleatContactTest" time="0.001" classname="com.Comcast.Contact.ContactTest"/>
  <system-out/>
  <testcase name="creatContactWithOrgTest" time="0.002" classname="com.Comcast.Contact.ContactTest"/>
  <system-out/>
  <testcase name="creatContactTest" time="0.010" classname="com.Comcast.Contact.ContactTest"/>
  <system-out/>
</testsuite> <!-- com.Comcast.Contact.ContactTest -->
