<?xml version="1.0" encoding="UTF-8"?>
<!-- Generated by org.testng.reporters.JUnitReportReporter -->
<testsuite skipped="0" hostname="DESKTOP-KBNBBMI" name="practice.UsingSeleniumGridTest" tests="1" failures="0" timestamp="2021-09-14T10:49:57 IST" time="13.171" errors="0">
  <testcase name="gridPractice" time="13.171" classname="practice.UsingSeleniumGridTest"/>
  <system-out/>
</testsuite> <!-- practice.UsingSeleniumGridTest -->
