<?xml version="1.0" encoding="UTF-8"?>
<!-- Generated by org.testng.reporters.JUnitReportReporter -->
<testsuite skipped="0" hostname="DESKTOP-KBNBBMI" name="com.crm.autodesk.ContactsTests.CreatOrganizationWithIndustry" tests="1" failures="0" timestamp="2021-09-09T10:30:53 IST" time="36.550" errors="0">
  <testcase name="creatContactWithOrganization" time="36.550" classname="com.crm.autodesk.ContactsTests.CreatOrganizationWithIndustry"/>
  <system-out/>
</testsuite> <!-- com.crm.autodesk.ContactsTests.CreatOrganizationWithIndustry -->
