<?xml version="1.0" encoding="UTF-8"?>
<!-- Generated by org.testng.reporters.JUnitReportReporter -->
<testsuite skipped="0" hostname="DESKTOP-KBNBBMI" name="com.crm.autodesk.ContactsTests.CreatContactWithOrganization" tests="1" failures="0" timestamp="2021-09-09T10:55:58 IST" time="30.404" errors="0">
  <testcase name="creatContactWithOrganization" time="30.404" classname="com.crm.autodesk.ContactsTests.CreatContactWithOrganization"/>
  <system-out/>
</testsuite> <!-- com.crm.autodesk.ContactsTests.CreatContactWithOrganization -->
