<?xml version="1.0" encoding="UTF-8"?>
<!-- Generated by org.testng.reporters.JUnitReportReporter -->
<testsuite skipped="0" hostname="DESKTOP-KBNBBMI" name="com.crm.VtigerTestCases.TC_43_SearchLeadByClickingOnEmail" tests="1" failures="0" timestamp="2021-09-15T12:27:34 IST" time="53.655" errors="0">
  <testcase name="LeadByClickingOnwebsiteTest" time="53.655" classname="com.crm.VtigerTestCases.TC_43_SearchLeadByClickingOnEmail"/>
  <system-out/>
</testsuite> <!-- com.crm.VtigerTestCases.TC_43_SearchLeadByClickingOnEmail -->
