<?xml version="1.0" encoding="UTF-8"?>
<!-- Generated by org.testng.reporters.JUnitReportReporter -->
<testsuite skipped="0" hostname="DESKTOP-KBNBBMI" name="com.crm.autodesk.ContactsTests.ClickOnProductAndValidate" tests="1" failures="0" timestamp="2021-09-10T12:37:49 IST" time="57.083" errors="0">
  <testcase name="creatContactWithOrganization" time="57.083" classname="com.crm.autodesk.ContactsTests.ClickOnProductAndValidate"/>
  <system-out/>
</testsuite> <!-- com.crm.autodesk.ContactsTests.ClickOnProductAndValidate -->
