<?xml version="1.0" encoding="UTF-8"?>
<!-- Generated by org.testng.reporters.JUnitReportReporter -->
<testsuite skipped="0" hostname="DESKTOP-KBNBBMI" name="com.crm.autodesk.ContactsTests.TC_01_CreatContactWithOrganization" tests="1" failures="0" timestamp="2021-09-09T09:38:15 IST" time="27.782" errors="0">
  <testcase name="creatContactWithOrganization" time="27.782" classname="com.crm.autodesk.ContactsTests.TC_01_CreatContactWithOrganization"/>
  <system-out/>
</testsuite> <!-- com.crm.autodesk.ContactsTests.TC_01_CreatContactWithOrganization -->
