<?xml version="1.0" encoding="UTF-8"?>
<!-- Generated by org.testng.reporters.JUnitReportReporter -->
<testsuite skipped="0" hostname="DESKTOP-KBNBBMI" name="com.crm.VtigerTestCases.TC_41_SearchLeadByClickingOnPhoneTest" tests="1" failures="0" timestamp="2021-09-17T12:03:22 IST" time="15.026" errors="0">
  <testcase name="LeadByClickingOnPhoneTest" time="15.026" classname="com.crm.VtigerTestCases.TC_41_SearchLeadByClickingOnPhoneTest"/>
  <system-out/>
</testsuite> <!-- com.crm.VtigerTestCases.TC_41_SearchLeadByClickingOnPhoneTest -->
